StatInterface/build/outputs/logs/manifest-merger-release-report.txt
-- Merging decision tree log ---
manifest
ADDED from src/main/AndroidManifest.xml:1:1-43:12
INJECTED from src/main/AndroidManifest.xml:1:1-43:12
INJECTED from src/main/AndroidManifest.xml:1:1-43:12
INJECTED from src/main/AndroidManifest.xml:1:1-43:12
INJECTED from src/main/AndroidManifest.xml:1:1-43:12
INJECTED from src/main/AndroidManifest.xml:1:1-43:12
INJECTED from src/main/AndroidManifest.xml:1:1-43:12
	package
		ADDED from src/main/AndroidManifest.xml:2:5-44
		INJECTED from src/main/AndroidManifest.xml
		INJECTED from src/main/AndroidManifest.xml
	android:versionName
		INJECTED from src/main/AndroidManifest.xml
		ADDED from src/main/AndroidManifest.xml:1:1-43:12
		INJECTED from src/main/AndroidManifest.xml
	android:versionCode
		INJECTED from src/main/AndroidManifest.xml
		ADDED from src/main/AndroidManifest.xml:1:1-43:12
		INJECTED from src/main/AndroidManifest.xml
	xmlns:android
		ADDED from src/main/AndroidManifest.xml:1:11-69
uses-permission#android.permission.ACCESS_COARSE_LOCATION
ADDED from src/main/AndroidManifest.xml:4:5-81
	android:name
		ADDED from src/main/AndroidManifest.xml:4:22-78
uses-permission#android.permission.ACCESS_WIFI_STATE
ADDED from src/main/AndroidManifest.xml:5:5-76
	android:name
		ADDED from src/main/AndroidManifest.xml:5:22-73
uses-permission#android.permission.READ_PHONE_STATE
ADDED from src/main/AndroidManifest.xml:6:5-75
	android:name
		ADDED from src/main/AndroidManifest.xml:6:22-72
uses-permission#android.permission.INTERNET
ADDED from src/main/AndroidManifest.xml:7:5-67
	android:name
		ADDED from src/main/AndroidManifest.xml:7:22-64
uses-permission#android.permission.ACCESS_FINE_LOCATION
ADDED from src/main/AndroidManifest.xml:8:5-79
	android:name
		ADDED from src/main/AndroidManifest.xml:8:22-76
uses-permission#android.permission.ACCESS_NETWORK_STATE
ADDED from src/main/AndroidManifest.xml:9:5-79
	android:name
		ADDED from src/main/AndroidManifest.xml:9:22-76
uses-permission#android.permission.GET_TASKS
ADDED from src/main/AndroidManifest.xml:10:5-68
	android:name
		ADDED from src/main/AndroidManifest.xml:10:22-65
uses-permission#com.android.launcher.permission.WRITE_SETTINGS
ADDED from src/main/AndroidManifest.xml:11:5-86
	android:name
		ADDED from src/main/AndroidManifest.xml:11:22-83
application
ADDED from src/main/AndroidManifest.xml:13:5-33:19
	android:supportsRtl
		ADDED from src/main/AndroidManifest.xml:16:9-35
	android:label
		ADDED from src/main/AndroidManifest.xml:15:9-41
	android:allowBackup
		ADDED from src/main/AndroidManifest.xml:14:9-35
receiver#com.tamic.statinterface.stats.core.TcUploadCoreReceiver
ADDED from src/main/AndroidManifest.xml:18:9-31:19
	android:name
		ADDED from src/main/AndroidManifest.xml:18:19-89
intent-filter#action:name:action.com.pinganfang.base.send_report+action:name:android.intent.action.BOOT_COMPLETED+action:name:android.intent.action.PACKAGE_ADDED+action:name:android.intent.action.PACKAGE_CHANGED+action:name:android.intent.action.PACKAGE_INSTALL+action:name:android.intent.action.PACKAGE_REMOVED+action:name:android.intent.action.USER_PRESENT
ADDED from src/main/AndroidManifest.xml:20:12-29:28
action#action.com.pinganfang.base.send_report
ADDED from src/main/AndroidManifest.xml:21:16-80
	android:name
		ADDED from src/main/AndroidManifest.xml:21:24-77
action#android.intent.action.BOOT_COMPLETED
ADDED from src/main/AndroidManifest.xml:22:16-78
	android:name
		ADDED from src/main/AndroidManifest.xml:22:24-75
action#android.intent.action.USER_PRESENT
ADDED from src/main/AndroidManifest.xml:23:16-76
	android:name
		ADDED from src/main/AndroidManifest.xml:23:24-73
action#android.intent.action.PACKAGE_ADDED
ADDED from src/main/AndroidManifest.xml:24:16-76
	android:name
		ADDED from src/main/AndroidManifest.xml:24:24-74
action#android.intent.action.PACKAGE_REMOVED
ADDED from src/main/AndroidManifest.xml:25:16-78
	android:name
		ADDED from src/main/AndroidManifest.xml:25:24-76
action#android.intent.action.PACKAGE_CHANGED
ADDED from src/main/AndroidManifest.xml:26:16-78
	android:name
		ADDED from src/main/AndroidManifest.xml:26:24-76
action#android.intent.action.PACKAGE_INSTALL
ADDED from src/main/AndroidManifest.xml:27:16-78
	android:name
		ADDED from src/main/AndroidManifest.xml:27:24-76
supports-screens
ADDED from src/main/AndroidManifest.xml:35:5-40:36
	android:largeScreens
		ADDED from src/main/AndroidManifest.xml:38:9-36
	android:smallScreens
		ADDED from src/main/AndroidManifest.xml:36:9-36
	android:normalScreens
		ADDED from src/main/AndroidManifest.xml:37:9-37
	android:resizeable
		ADDED from src/main/AndroidManifest.xml:39:9-34
	android:anyDensity
		ADDED from src/main/AndroidManifest.xml:40:9-34
uses-sdk
INJECTED from src/main/AndroidManifest.xml reason: use-sdk injection requested
INJECTED from src/main/AndroidManifest.xml
INJECTED from src/main/AndroidManifest.xml
INJECTED from src/main/AndroidManifest.xml
INJECTED from src/main/AndroidManifest.xml
	android:targetSdkVersion
		INJECTED from src/main/AndroidManifest.xml
		ADDED from src/main/AndroidManifest.xml
		INJECTED from src/main/AndroidManifest.xml
	android:minSdkVersion
		INJECTED from src/main/AndroidManifest.xml
		ADDED from src/main/AndroidManifest.xml
		INJECTED from src/main/AndroidManifest.xml